<?xml version="1.0" encoding="UTF-8"?>
<!-- Generated by org.testng.reporters.JUnitXMLReporter -->
<testsuite hostname="User-PC" ignored="0" name="Test" tests="7" failures="0" timestamp="01 Feb 2018 07:04:04 GMT" time="5.669" errors="0">
  <testcase name="allCountry" time="2.193" classname="com.groupkt.testcase.GetContry"/>
  <testcase name="countryByTwoChar" time="0.475" classname="com.groupkt.testcase.GetContry"/>
  <testcase name="countryByThreeChar" time="0.488" classname="com.groupkt.testcase.GetContry"/>
  <testcase name="countryByAnyChar" time="0.502" classname="com.groupkt.testcase.GetContry"/>
  <testcase name="allState" time="0.511" classname="com.groupkt.testcase.TerritoryOfCountry"/>
  <testcase name="searchStateByCountry" time="0.48" classname="com.groupkt.testcase.TerritoryOfCountry"/>
  <testcase name="searchStateByText" time="0.511" classname="com.groupkt.testcase.TerritoryOfCountry"/>
</testsuite> <!-- Test -->
