<?xml version="1.0" encoding="UTF-8"?>
<!-- Generated by org.testng.reporters.JUnitXMLReporter -->
<testsuite hostname="User-PC" ignored="0" name="Test" tests="7" failures="0" timestamp="02 Feb 2018 09:30:50 GMT" time="6.413" errors="0">
  <testcase name="allCountry" time="2.882" classname="com.groupkt.testcase.GetContry"/>
  <testcase name="countryByTwoChar" time="0.507" classname="com.groupkt.testcase.GetContry"/>
  <testcase name="countryByThreeChar" time="0.479" classname="com.groupkt.testcase.GetContry"/>
  <testcase name="countryByAnyChar" time="0.544" classname="com.groupkt.testcase.GetContry"/>
  <testcase name="allState" time="0.511" classname="com.groupkt.testcase.TerritoryOfCountry"/>
  <testcase name="searchStateByCountry" time="0.5" classname="com.groupkt.testcase.TerritoryOfCountry"/>
  <testcase name="searchStateByText" time="0.501" classname="com.groupkt.testcase.TerritoryOfCountry"/>
</testsuite> <!-- Test -->
