<?xml version="1.0" encoding="UTF-8"?>
<testng-results skipped="0" failed="0" ignored="0" total="2" passed="2">
  <reporter-output>
  </reporter-output>
  <suite name="Default suite" duration-ms="30" started-at="2018-02-03T13:39:10Z" finished-at="2018-02-03T13:39:10Z">
    <groups>
    </groups>
    <test name="Default test" duration-ms="30" started-at="2018-02-03T13:39:10Z" finished-at="2018-02-03T13:39:10Z">
      <class name="com.groupkt.constant.StringLetter">
        <test-method status="PASS" signature="anothermethod()[pri:0, instance:com.groupkt.constant.StringLetter@18be83e4]" name="anothermethod" duration-ms="10" started-at="2018-02-03T19:09:10Z" finished-at="2018-02-03T19:09:10Z">
          <reporter-output>
          </reporter-output>
        </test-method> <!-- anothermethod -->
        <test-method status="PASS" signature="builtMethod()[pri:0, instance:com.groupkt.constant.StringLetter@18be83e4]" name="builtMethod" duration-ms="1" started-at="2018-02-03T19:09:10Z" finished-at="2018-02-03T19:09:10Z">
          <reporter-output>
          </reporter-output>
        </test-method> <!-- builtMethod -->
      </class> <!-- com.groupkt.constant.StringLetter -->
    </test> <!-- Default test -->
  </suite> <!-- Default suite -->
</testng-results>
